sample/Temp/gradleOut/unityLibrary/build/intermediates/manifest_merge_blame_file/release/manifest-merger-blame-release-report.txt
1<?xml version="1.0" encoding="utf-8"?>
2<!-- GENERATED BY UNITY. REMOVE THIS COMMENT TO PREVENT OVERWRITING WHEN EXPORTING AGAIN -->
3<manifest xmlns:android="http://schemas.android.com/apk/res/android"
4    xmlns:tools="http://schemas.android.com/tools"
5    package="com.unity3d.player"
6    android:versionCode="1"
7    android:versionName="1.0" >
8
9    <uses-sdk
10        android:minSdkVersion="19"
10-->src\main\AndroidManifest.xml
11        android:targetSdkVersion="29" />
11-->src\main\AndroidManifest.xml
12
13    <uses-feature android:glEsVersion="0x00020000" />
13-->src\main\AndroidManifest.xml:19:3-52
13-->src\main\AndroidManifest.xml:19:17-49
14
15    <uses-permission android:name="android.permission.INTERNET" />
15-->src\main\AndroidManifest.xml:20:3-65
15-->src\main\AndroidManifest.xml:20:20-62
16    <uses-permission android:name="android.permission.ACCESS_FINE_LOCATION" />
16-->src\main\AndroidManifest.xml:21:3-77
16-->src\main\AndroidManifest.xml:21:20-74
17
18    <uses-feature
18-->src\main\AndroidManifest.xml:22:3-89
19        android:name="android.hardware.location.gps"
19-->src\main\AndroidManifest.xml:22:17-61
20        android:required="false" />
20-->src\main\AndroidManifest.xml:22:62-86
21    <uses-feature
21-->src\main\AndroidManifest.xml:23:3-85
22        android:name="android.hardware.location"
22-->src\main\AndroidManifest.xml:23:17-57
23        android:required="false" />
23-->src\main\AndroidManifest.xml:23:58-82
24    <uses-feature
24-->src\main\AndroidManifest.xml:24:3-88
25        android:name="android.hardware.touchscreen"
25-->src\main\AndroidManifest.xml:24:17-60
26        android:required="false" />
26-->src\main\AndroidManifest.xml:24:61-85
27    <uses-feature
27-->src\main\AndroidManifest.xml:25:3-99
28        android:name="android.hardware.touchscreen.multitouch"
28-->src\main\AndroidManifest.xml:25:17-71
29        android:required="false" />
29-->src\main\AndroidManifest.xml:25:72-96
30    <uses-feature
30-->src\main\AndroidManifest.xml:26:3-108
31        android:name="android.hardware.touchscreen.multitouch.distinct"
31-->src\main\AndroidManifest.xml:26:17-80
32        android:required="false" />
32-->src\main\AndroidManifest.xml:26:81-105
33
34    <application android:isGame="true" >
34-->src\main\AndroidManifest.xml:4:3-18:17
34-->src\main\AndroidManifest.xml:4:16-37
35        <activity
35-->src\main\AndroidManifest.xml:5:5-13:16
36            android:name="com.unity3d.player.UnityPlayerActivity"
36-->src\main\AndroidManifest.xml:5:15-68
37            android:configChanges="mcc|mnc|locale|touchscreen|keyboard|keyboardHidden|navigation|orientation|screenLayout|uiMode|screenSize|smallestScreenSize|fontScale|layoutDirection|density"
37-->src\main\AndroidManifest.xml:5:182-363
38            android:hardwareAccelerated="true"
38-->src\main\AndroidManifest.xml:5:364-398
39            android:launchMode="singleTask"
39-->src\main\AndroidManifest.xml:5:150-181
40            android:screenOrientation="fullSensor"
40-->src\main\AndroidManifest.xml:5:111-149
41            android:theme="@style/UnityThemeSelector" >
41-->src\main\AndroidManifest.xml:5:69-110
42            <intent-filter>
42-->src\main\AndroidManifest.xml:6:7-10:23
43                <action android:name="android.intent.action.MAIN" />
43-->src\main\AndroidManifest.xml:7:9-61
43-->src\main\AndroidManifest.xml:7:17-58
44
45                <category android:name="android.intent.category.LAUNCHER" />
45-->src\main\AndroidManifest.xml:8:9-69
45-->src\main\AndroidManifest.xml:8:19-66
46                <category android:name="android.intent.category.LEANBACK_LAUNCHER" />
46-->src\main\AndroidManifest.xml:9:9-78
46-->src\main\AndroidManifest.xml:9:19-75
47            </intent-filter>
48
49            <meta-data
49-->src\main\AndroidManifest.xml:11:7-82
50                android:name="unityplayer.UnityActivity"
50-->src\main\AndroidManifest.xml:11:18-58
51                android:value="true" />
51-->src\main\AndroidManifest.xml:11:59-79
52            <meta-data
52-->src\main\AndroidManifest.xml:12:7-78
53                android:name="android.notch_support"
53-->src\main\AndroidManifest.xml:12:18-54
54                android:value="true" />
54-->src\main\AndroidManifest.xml:12:55-75
55        </activity>
56
57        <meta-data
57-->src\main\AndroidManifest.xml:14:5-69
58            android:name="unity.splash-mode"
58-->src\main\AndroidManifest.xml:14:16-48
59            android:value="0" />
59-->src\main\AndroidManifest.xml:14:49-66
60        <meta-data
60-->src\main\AndroidManifest.xml:15:5-74
61            android:name="unity.splash-enable"
61-->src\main\AndroidManifest.xml:15:16-50
62            android:value="True" />
62-->src\main\AndroidManifest.xml:15:51-71
63        <meta-data
63-->src\main\AndroidManifest.xml:16:5-81
64            android:name="notch.config"
64-->src\main\AndroidManifest.xml:16:16-43
65            android:value="portrait|landscape" />
65-->src\main\AndroidManifest.xml:16:44-78
66        <meta-data
66-->src\main\AndroidManifest.xml:17:5-101
67            android:name="unity.build-id"
67-->src\main\AndroidManifest.xml:17:16-45
68            android:value="d9f5c685-3f70-48d0-8ccb-dddbe1eacceb" />
68-->src\main\AndroidManifest.xml:17:46-98
69    </application>
70
71</manifest>